<?xml version="1.0" encoding="UTF-8"?>
<!-- Generated by org.testng.reporters.JUnitXMLReporter -->
<testsuite hostname="DESKTOP-8DPOG4F" ignored="0" name="AmazonRegression" tests="4" failures="2" timestamp="2022-02-10T11:46:41 IST" time="106.425" errors="0">
  <testcase name="testHome" time="6.453" classname="com.amazon.tests.Home"/>
  <testcase name="testHome" time="6.787" classname="com.amazon.tests.Home">
    <failure type="java.lang.AssertionError" message="expected [Amazon India transforms small business in India1] but found [About Amazon India | Homepage - About Amazon India]">
      <![CDATA[java.lang.AssertionError: expected [Amazon India transforms small business in India1] but found [About Amazon India | Homepage - About Amazon India]
at com.amazon.framework.Base.validatePageTitle(Base.java:71)
at com.amazon.ui.HomePage.validateResultPage(HomePage.java:61)
at com.amazon.tests.Home.testHome(Home.java:38)
at java.util.ArrayList.forEach(ArrayList.java:1259)
... Removed 37 stack frames]]>
    </failure>
  </testcase> <!-- testHome -->
  <testcase name="testHome" time="13.273" classname="com.amazon.tests.Home">
    <failure type="java.lang.AssertionError" message="expected [Amazon Fashion: Clothing, Footwear and Accessories online for Men, Women and Kids] but found [Help - Amazon Customer Service]">
      <![CDATA[java.lang.AssertionError: expected [Amazon Fashion: Clothing, Footwear and Accessories online for Men, Women and Kids] but found [Help - Amazon Customer Service]
at com.amazon.framework.Base.validatePageTitle(Base.java:71)
at com.amazon.ui.HomePage.navigateTab(HomePage.java:92)
at com.amazon.tests.Home.testHome(Home.java:42)
at java.util.ArrayList.forEach(ArrayList.java:1259)
... Removed 37 stack frames]]>
    </failure>
  </testcase> <!-- testHome -->
  <testcase name="testHamburgerMenu" time="5.679" classname="com.amazon.tests.HamburgerMenu"/>
</testsuite> <!-- AmazonRegression -->
