<?xml version="1.0" encoding="UTF-8"?>
<testsuite xmlns:xsi="http://www.w3.org/2001/XMLSchema-instance" xsi:noNamespaceSchemaLocation="https://maven.apache.org/surefire/maven-surefire-plugin/xsd/surefire-test-report-3.0.xsd" version="3.0" name="TestSuite" time="109.344" tests="4" errors="0" skipped="0" failures="2">
  <properties>
[...]
</properties>
  <testcase name="testHome[Search](1)" classname="com.amazon.tests.Home" time="6.421">
    <system-out><![CDATA[onStart
onTestStart
*************************************************************************
TestcaseName is  : Search
*************************************************************************
]]></system-out>
    <system-err><![CDATA[Starting ChromeDriver 97.0.4692.71 (adefa7837d02a07a604c1e6eff0b3a09422ab88d-refs/branch-heads/4692@{#1247}) on port 28248
Only local connections are allowed.
Please see https://chromedriver.chromium.org/security-considerations for suggestions on keeping ChromeDriver safe.
ChromeDriver was started successfully.
Feb 10, 2022 11:45:10 AM org.openqa.selenium.remote.ProtocolHandshake createSession
INFO: Detected dialect: W3C
]]></system-err>
  </testcase>
  <testcase name="testHome[About_Us](2)" classname="com.amazon.tests.Home" time="6.807">
    <failure message="expected [Amazon India transforms small business in India1] but found [About Amazon India | Homepage - About Amazon India]" type="java.lang.AssertionError"><![CDATA[java.lang.AssertionError: expected [Amazon India transforms small business in India1] but found [About Amazon India | Homepage - About Amazon India]
	at com.amazon.tests.Home.testHome(Home.java:38)
]]></failure>
    <system-out><![CDATA[onTestSuccess
onTestStart
*************************************************************************
TestcaseName is  : About_Us
*************************************************************************
*******Amazon India transforms small business in India1
]]></system-out>
  </testcase>
  <testcase name="testHome[Tab_Navigation](3)" classname="com.amazon.tests.Home" time="13.279">
    <failure message="expected [Amazon Fashion: Clothing, Footwear and Accessories online for Men, Women and Kids] but found [Help - Amazon Customer Service]" type="java.lang.AssertionError"><![CDATA[java.lang.AssertionError: expected [Amazon Fashion: Clothing, Footwear and Accessories online for Men, Women and Kids] but found [Help - Amazon Customer Service]
	at com.amazon.tests.Home.testHome(Home.java:42)
]]></failure>
    <system-out><![CDATA[onTestFailure
starting capturing screenshot
screenshot captured
onTestStart
*************************************************************************
TestcaseName is  : Tab_Navigation
*************************************************************************
]]></system-out>
  </testcase>
  <testcase name="testHamburgerMenu[Trending_Menu](1)" classname="com.amazon.tests.HamburgerMenu" time="5.659">
    <system-out><![CDATA[onTestFailure
starting capturing screenshot
screenshot captured
onTestStart
*************************************************************************
TestcaseName is  : Trending_Menu
*************************************************************************
]]></system-out>
    <system-err><![CDATA[Starting ChromeDriver 97.0.4692.71 (adefa7837d02a07a604c1e6eff0b3a09422ab88d-refs/branch-heads/4692@{#1247}) on port 2139
Only local connections are allowed.
Please see https://chromedriver.chromium.org/security-considerations for suggestions on keeping ChromeDriver safe.
ChromeDriver was started successfully.
Feb 10, 2022 11:46:15 AM org.openqa.selenium.remote.ProtocolHandshake createSession
INFO: Detected dialect: W3C
]]></system-err>
  </testcase>
</testsuite>